<?xml version="1.0" encoding="UTF-8" ?>
<testsuite failures="0" time="2.664" errors="0" skipped="0" tests="9" name="com.pks.myincidents.domain.IncidentIntegrationTest">
  <properties>
    <property name="java.runtime.name" value="Java(TM) SE Runtime Environment"/>
    <property name="sun.boot.library.path" value="C:\Program Files (x86)\Java\jdk1.6.0_31\jre\bin"/>
    <property name="java.vm.version" value="20.6-b01"/>
    <property name="java.vm.vendor" value="Sun Microsystems Inc."/>
    <property name="java.vendor.url" value="http://java.sun.com/"/>
    <property name="path.separator" value=";"/>
    <property name="guice.disable.misplaced.annotation.check" value="true"/>
    <property name="java.vm.name" value="Java HotSpot(TM) Client VM"/>
    <property name="file.encoding.pkg" value="sun.io"/>
    <property name="user.country" value="IN"/>
    <property name="sun.java.launcher" value="SUN_STANDARD"/>
    <property name="sun.os.patch.level" value="Service Pack 1"/>
    <property name="java.vm.specification.name" value="Java Virtual Machine Specification"/>
    <property name="user.dir" value="C:\TEMP\myincidents"/>
    <property name="java.runtime.version" value="1.6.0_31-b05"/>
    <property name="java.awt.graphicsenv" value="sun.awt.Win32GraphicsEnvironment"/>
    <property name="java.endorsed.dirs" value="C:\Program Files (x86)\Java\jdk1.6.0_31\jre\lib\endorsed"/>
    <property name="os.arch" value="x86"/>
    <property name="java.io.tmpdir" value="C:\Users\VAIO\AppData\Local\Temp\"/>
    <property name="line.separator" value="
"/>
    <property name="java.vm.specification.vendor" value="Sun Microsystems Inc."/>
    <property name="user.variant" value=""/>
    <property name="os.name" value="Windows 7"/>
    <property name="classworlds.conf" value="C:\springsource\apache-maven-3.0.4\bin\..\bin\m2.conf"/>
    <property name="sun.jnu.encoding" value="Cp1252"/>
    <property name="java.library.path" value="C:\Program Files (x86)\Java\jdk1.6.0_31\bin;C:\Windows\Sun\Java\bin;C:\Windows\system32;C:\Windows;C:\Program Files (x86)\PC Connectivity Solution\;C:\Program Files\Common Files\Microsoft Shared\Windows Live;C:\Program Files (x86)\Common Files\Microsoft Shared\Windows Live;C:\TEMP\glassfish\lib\ant\bin;C:\Program Files (x86)\Java\jdk1.6.0_31\bin;C:\springsource\apache-maven-3.0.4\bin;F:\sw\grails-2.0.0\bin;C:\Program Files (x86)\RSA SecurID Token Common;C:\Program Files (x86)\Java\jdk1.6.0_26\bin;C:\Windows\system32;C:\Windows;C:\Windows\System32\Wbem;C:\Windows\System32\WindowsPowerShell\v1.0\;C:\Program Files\WIDCOMM\Bluetooth Software\;C:\Program Files\WIDCOMM\Bluetooth Software\syswow64;\;C:\Program Files (x86)\Sony\VAIO Startup Setting Tool;C:\Program Files (x86)\ATI Technologies\ATI.ACE\Core-Static;C:\Program Files\SlikSvn\bin\;C:\Program Files (x86)\Zend\ZendServer\bin;C:\Program Files (x86)\Zend\ZendServer\share\ZendFramework\bin;C:\Program Files (x86)\Zend\MySQL51\bin;C:\Program Files (x86)\WinSCP\;C:\Program Files (x86)\Windows Live\Shared;C:\Program Files (x86)\QuickTime\QTSystem\;C:\Program Files (x86)\Android\android-sdk\tools;C:\Program Files (x86)\Android\android-sdk\platform-tools;C:\springsource\spring-roo-1.2.5.RELEASE\bin;&quot;C:\Program Files (x86)\Zend\MySQL51&quot;\bin;%YII_HOME%\framework;C:\apache-tomcat-7.0.39\bin;C:\Program Files (x86)\Tesseract-OCR;."/>
    <property name="java.specification.name" value="Java Platform API Specification"/>
    <property name="java.class.version" value="50.0"/>
    <property name="sun.management.compiler" value="HotSpot Client Compiler"/>
    <property name="os.version" value="6.1"/>
    <property name="user.home" value="C:\Users\VAIO"/>
    <property name="user.timezone" value="Asia/Calcutta"/>
    <property name="java.awt.printerjob" value="sun.awt.windows.WPrinterJob"/>
    <property name="file.encoding" value="Cp1252"/>
    <property name="java.specification.version" value="1.6"/>
    <property name="user.name" value="VAIO"/>
    <property name="java.class.path" value="C:\springsource\apache-maven-3.0.4\bin\..\boot\plexus-classworlds-2.4.jar"/>
    <property name="java.vm.specification.version" value="1.0"/>
    <property name="sun.arch.data.model" value="32"/>
    <property name="java.home" value="C:\Program Files (x86)\Java\jdk1.6.0_31\jre"/>
    <property name="sun.java.command" value="org.codehaus.plexus.classworlds.launcher.Launcher test"/>
    <property name="java.specification.vendor" value="Sun Microsystems Inc."/>
    <property name="user.language" value="en"/>
    <property name="awt.toolkit" value="sun.awt.windows.WToolkit"/>
    <property name="java.vm.info" value="mixed mode, sharing"/>
    <property name="java.version" value="1.6.0_31"/>
    <property name="java.ext.dirs" value="C:\Program Files (x86)\Java\jdk1.6.0_31\jre\lib\ext;C:\Windows\Sun\Java\lib\ext"/>
    <property name="sun.boot.class.path" value="C:\Program Files (x86)\Java\jdk1.6.0_31\jre\lib\resources.jar;C:\Program Files (x86)\Java\jdk1.6.0_31\jre\lib\rt.jar;C:\Program Files (x86)\Java\jdk1.6.0_31\jre\lib\sunrsasign.jar;C:\Program Files (x86)\Java\jdk1.6.0_31\jre\lib\jsse.jar;C:\Program Files (x86)\Java\jdk1.6.0_31\jre\lib\jce.jar;C:\Program Files (x86)\Java\jdk1.6.0_31\jre\lib\charsets.jar;C:\Program Files (x86)\Java\jdk1.6.0_31\jre\lib\modules\jdk.boot.jar;C:\Program Files (x86)\Java\jdk1.6.0_31\jre\classes"/>
    <property name="java.vendor" value="Sun Microsystems Inc."/>
    <property name="maven.home" value="C:\springsource\apache-maven-3.0.4\bin\.."/>
    <property name="file.separator" value="\"/>
    <property name="java.vendor.url.bug" value="http://java.sun.com/cgi-bin/bugreport.cgi"/>
    <property name="sun.cpu.endian" value="little"/>
    <property name="sun.io.unicode.encoding" value="UnicodeLittle"/>
    <property name="sun.desktop" value="windows"/>
    <property name="sun.cpu.isalist" value="pentium_pro+mmx pentium_pro pentium+mmx pentium i486 i386 i86"/>
  </properties>
  <testcase time="2.517" classname="com.pks.myincidents.domain.IncidentIntegrationTest" name="testFindAllIncidents"/>
  <testcase time="0.022" classname="com.pks.myincidents.domain.IncidentIntegrationTest" name="testFlush"/>
  <testcase time="0.02" classname="com.pks.myincidents.domain.IncidentIntegrationTest" name="testPersist"/>
  <testcase time="0.018" classname="com.pks.myincidents.domain.IncidentIntegrationTest" name="testCountIncidents"/>
  <testcase time="0.002" classname="com.pks.myincidents.domain.IncidentIntegrationTest" name="testMarkerMethod"/>
  <testcase time="0.02" classname="com.pks.myincidents.domain.IncidentIntegrationTest" name="testMergeUpdate"/>
  <testcase time="0.025" classname="com.pks.myincidents.domain.IncidentIntegrationTest" name="testFindIncident"/>
  <testcase time="0.016" classname="com.pks.myincidents.domain.IncidentIntegrationTest" name="testFindIncidentEntries"/>
  <testcase time="0.024" classname="com.pks.myincidents.domain.IncidentIntegrationTest" name="testRemove"/>
</testsuite>